c:\users\marco\documents\university\advanced procedural methods\coursework\roguelike\bin\desktop_2015\win32\debug\roguelike.pch
c:\users\marco\documents\university\advanced procedural methods\coursework\roguelike\bin\desktop_2015\win32\debug\vc142.pdb
c:\users\marco\documents\university\advanced procedural methods\coursework\roguelike\bin\desktop_2015\win32\debug\vc142.idb
c:\users\marco\documents\university\advanced procedural methods\coursework\roguelike\bin\desktop_2015\win32\debug\pch.obj
c:\users\marco\documents\university\advanced procedural methods\coursework\roguelike\bin\desktop_2015\win32\debug\modelclass.obj
c:\users\marco\documents\university\advanced procedural methods\coursework\roguelike\bin\desktop_2015\win32\debug\imgui_widgets.obj
c:\users\marco\documents\university\advanced procedural methods\coursework\roguelike\bin\desktop_2015\win32\debug\imgui_impl_win32.obj
c:\users\marco\documents\university\advanced procedural methods\coursework\roguelike\bin\desktop_2015\win32\debug\imgui_impl_dx11.obj
c:\users\marco\documents\university\advanced procedural methods\coursework\roguelike\bin\desktop_2015\win32\debug\imgui_draw.obj
c:\users\marco\documents\university\advanced procedural methods\coursework\roguelike\bin\desktop_2015\win32\debug\imgui_demo.obj
c:\users\marco\documents\university\advanced procedural methods\coursework\roguelike\bin\desktop_2015\win32\debug\imgui.obj
c:\users\marco\documents\university\advanced procedural methods\coursework\roguelike\bin\desktop_2015\win32\debug\terrain.obj
c:\users\marco\documents\university\advanced procedural methods\coursework\roguelike\bin\desktop_2015\win32\debug\shader.obj
c:\users\marco\documents\university\advanced procedural methods\coursework\roguelike\bin\desktop_2015\win32\debug\rendertexture.obj
c:\users\marco\documents\university\advanced procedural methods\coursework\roguelike\bin\desktop_2015\win32\debug\main.obj
c:\users\marco\documents\university\advanced procedural methods\coursework\roguelike\bin\desktop_2015\win32\debug\light.obj
c:\users\marco\documents\university\advanced procedural methods\coursework\roguelike\bin\desktop_2015\win32\debug\input.obj
c:\users\marco\documents\university\advanced procedural methods\coursework\roguelike\bin\desktop_2015\win32\debug\game.obj
c:\users\marco\documents\university\advanced procedural methods\coursework\roguelike\bin\desktop_2015\win32\debug\deviceresources.obj
c:\users\marco\documents\university\advanced procedural methods\coursework\roguelike\bin\desktop_2015\win32\debug\camera.obj
c:\users\marco\documents\university\advanced procedural methods\coursework\roguelike\bin\desktop_2015\win32\debug\player.obj
c:\users\marco\documents\university\advanced procedural methods\coursework\roguelike\bin\desktop_2015\win32\debug\colour_ps.cso
c:\users\marco\documents\university\advanced procedural methods\coursework\roguelike\bin\desktop_2015\win32\debug\colour_vs.cso
c:\users\marco\documents\university\advanced procedural methods\coursework\roguelike\bin\desktop_2015\win32\debug\light_vs.cso
c:\users\marco\documents\university\advanced procedural methods\coursework\roguelike\bin\desktop_2015\win32\debug\light_ps.cso
c:\users\marco\documents\university\advanced procedural methods\coursework\roguelike\bin\desktop_2015\win32\debug\roguelike.exe
c:\users\marco\documents\university\advanced procedural methods\coursework\roguelike\bin\desktop_2015\win32\debug\roguelike.ilk
c:\users\marco\documents\university\advanced procedural methods\coursework\roguelike\bin\desktop_2015\win32\debug\roguelike.pdb
c:\users\marco\documents\university\advanced procedural methods\coursework\roguelike\bin\desktop_2015\win32\debug\resource.res
c:\users\marco\documents\university\advanced procedural methods\coursework\roguelike\bin\desktop_2015\win32\debug\roguelike.exe.embed.manifest.res
c:\users\marco\documents\university\advanced procedural methods\coursework\roguelike\bin\desktop_2015\win32\debug\roguelike.lib
c:\users\marco\documents\university\advanced procedural methods\coursework\roguelike\bin\desktop_2015\win32\debug\roguelike.exp
c:\users\marco\documents\university\advanced procedural methods\coursework\roguelike\bin\desktop_2015\win32\debug\roguelike.exe.embed.manifest
c:\users\marco\documents\university\advanced procedural methods\coursework\roguelike\bin\desktop_2015\win32\debug\roguelike_manifest.rc
c:\users\marco\documents\university\advanced procedural methods\coursework\roguelike\bin\desktop_2015\win32\debug\roguelike.tlog\cl.command.1.tlog
c:\users\marco\documents\university\advanced procedural methods\coursework\roguelike\bin\desktop_2015\win32\debug\roguelike.tlog\cl.read.1.tlog
c:\users\marco\documents\university\advanced procedural methods\coursework\roguelike\bin\desktop_2015\win32\debug\roguelike.tlog\cl.write.1.tlog
c:\users\marco\documents\university\advanced procedural methods\coursework\roguelike\bin\desktop_2015\win32\debug\roguelike.tlog\fxc.command.1.tlog
c:\users\marco\documents\university\advanced procedural methods\coursework\roguelike\bin\desktop_2015\win32\debug\roguelike.tlog\fxc.read.1.tlog
c:\users\marco\documents\university\advanced procedural methods\coursework\roguelike\bin\desktop_2015\win32\debug\roguelike.tlog\fxc.write.1.tlog
c:\users\marco\documents\university\advanced procedural methods\coursework\roguelike\bin\desktop_2015\win32\debug\roguelike.tlog\link.command.1.tlog
c:\users\marco\documents\university\advanced procedural methods\coursework\roguelike\bin\desktop_2015\win32\debug\roguelike.tlog\link.read.1.tlog
c:\users\marco\documents\university\advanced procedural methods\coursework\roguelike\bin\desktop_2015\win32\debug\roguelike.tlog\link.write.1.tlog
c:\users\marco\documents\university\advanced procedural methods\coursework\roguelike\bin\desktop_2015\win32\debug\roguelike.tlog\rc.command.1.tlog
c:\users\marco\documents\university\advanced procedural methods\coursework\roguelike\bin\desktop_2015\win32\debug\roguelike.tlog\rc.read.1.tlog
c:\users\marco\documents\university\advanced procedural methods\coursework\roguelike\bin\desktop_2015\win32\debug\roguelike.tlog\rc.write.1.tlog
c:\users\marco\documents\university\advanced procedural methods\coursework\roguelike\bin\desktop_2015\win32\debug\roguelike.tlog\roguelike.write.1u.tlog
